<?xml version="1.0" encoding="UTF-8"?>
<testsuite name="com.vehiclerentalsystem.service.BookingServiceTest" tests="1" skipped="0" failures="0" errors="0" timestamp="2022-05-30T19:44:26" hostname="INLEN8520018499" time="0.041">
  <properties/>
  <testcase name="deleteBooking()" classname="com.vehiclerentalsystem.service.BookingServiceTest" time="0.041"/>
  <system-out><![CDATA[01:14:19.029 [Test worker] DEBUG org.springframework.test.context.BootstrapUtils - Instantiating CacheAwareContextLoaderDelegate from class [org.springframework.test.context.cache.DefaultCacheAwareContextLoaderDelegate]
01:14:19.042 [Test worker] DEBUG org.springframework.test.context.BootstrapUtils - Instantiating BootstrapContext using constructor [public org.springframework.test.context.support.DefaultBootstrapContext(java.lang.Class,org.springframework.test.context.CacheAwareContextLoaderDelegate)]
01:14:19.083 [Test worker] DEBUG org.springframework.test.context.BootstrapUtils - Instantiating TestContextBootstrapper for test class [com.vehiclerentalsystem.service.BookingServiceTest] from class [org.springframework.boot.test.context.SpringBootTestContextBootstrapper]
01:14:19.097 [Test worker] INFO org.springframework.boot.test.context.SpringBootTestContextBootstrapper - Neither @ContextConfiguration nor @ContextHierarchy found for test class [com.vehiclerentalsystem.service.BookingServiceTest], using SpringBootContextLoader
01:14:19.101 [Test worker] DEBUG org.springframework.test.context.support.AbstractContextLoader - Did not detect default resource location for test class [com.vehiclerentalsystem.service.BookingServiceTest]: class path resource [com/vehiclerentalsystem/service/BookingServiceTest-context.xml] does not exist
01:14:19.102 [Test worker] DEBUG org.springframework.test.context.support.AbstractContextLoader - Did not detect default resource location for test class [com.vehiclerentalsystem.service.BookingServiceTest]: class path resource [com/vehiclerentalsystem/service/BookingServiceTestContext.groovy] does not exist
01:14:19.102 [Test worker] INFO org.springframework.test.context.support.AbstractContextLoader - Could not detect default resource locations for test class [com.vehiclerentalsystem.service.BookingServiceTest]: no resource found for suffixes {-context.xml, Context.groovy}.
01:14:19.103 [Test worker] INFO org.springframework.test.context.support.AnnotationConfigContextLoaderUtils - Could not detect default configuration classes for test class [com.vehiclerentalsystem.service.BookingServiceTest]: BookingServiceTest does not declare any static, non-private, non-final, nested classes annotated with @Configuration.
01:14:19.159 [Test worker] DEBUG org.springframework.test.context.support.ActiveProfilesUtils - Could not find an 'annotation declaring class' for annotation type [org.springframework.test.context.ActiveProfiles] and class [com.vehiclerentalsystem.service.BookingServiceTest]
01:14:19.241 [Test worker] DEBUG org.springframework.context.annotation.ClassPathScanningCandidateComponentProvider - Identified candidate component class: file [C:\Users\SKUNKALA\Documents\workspace-spring-tool-suite-4-4.14.1.RELEASE\vehiclerentalsystem\build\classes\java\main\com\vehiclerentalsystem\VehiclerentalsystemApplication.class]
01:14:19.243 [Test worker] INFO org.springframework.boot.test.context.SpringBootTestContextBootstrapper - Found @SpringBootConfiguration com.vehiclerentalsystem.VehiclerentalsystemApplication for test class com.vehiclerentalsystem.service.BookingServiceTest
01:14:19.379 [Test worker] DEBUG org.springframework.boot.test.context.SpringBootTestContextBootstrapper - @TestExecutionListeners is not present for class [com.vehiclerentalsystem.service.BookingServiceTest]: using defaults.
01:14:19.380 [Test worker] INFO org.springframework.boot.test.context.SpringBootTestContextBootstrapper - Loaded default TestExecutionListener class names from location [META-INF/spring.factories]: [org.springframework.boot.test.autoconfigure.restdocs.RestDocsTestExecutionListener, org.springframework.boot.test.autoconfigure.web.client.MockRestServiceServerResetTestExecutionListener, org.springframework.boot.test.autoconfigure.web.servlet.MockMvcPrintOnlyOnFailureTestExecutionListener, org.springframework.boot.test.autoconfigure.web.servlet.WebDriverTestExecutionListener, org.springframework.boot.test.autoconfigure.webservices.client.MockWebServiceServerTestExecutionListener, org.springframework.boot.test.mock.mockito.MockitoTestExecutionListener, org.springframework.boot.test.mock.mockito.ResetMocksTestExecutionListener, org.springframework.test.context.web.ServletTestExecutionListener, org.springframework.test.context.support.DirtiesContextBeforeModesTestExecutionListener, org.springframework.test.context.event.ApplicationEventsTestExecutionListener, org.springframework.test.context.support.DependencyInjectionTestExecutionListener, org.springframework.test.context.support.DirtiesContextTestExecutionListener, org.springframework.test.context.transaction.TransactionalTestExecutionListener, org.springframework.test.context.jdbc.SqlScriptsTestExecutionListener, org.springframework.test.context.event.EventPublishingTestExecutionListener]
01:14:19.404 [Test worker] INFO org.springframework.boot.test.context.SpringBootTestContextBootstrapper - Using TestExecutionListeners: [org.springframework.test.context.web.ServletTestExecutionListener@30457e14, org.springframework.test.context.support.DirtiesContextBeforeModesTestExecutionListener@1af1347d, org.springframework.test.context.event.ApplicationEventsTestExecutionListener@632aa1a3, org.springframework.boot.test.mock.mockito.MockitoTestExecutionListener@20765ed5, org.springframework.boot.test.autoconfigure.SpringBootDependencyInjectionTestExecutionListener@3b582111, org.springframework.test.context.support.DirtiesContextTestExecutionListener@2899a8db, org.springframework.test.context.transaction.TransactionalTestExecutionListener@1e8823d2, org.springframework.test.context.jdbc.SqlScriptsTestExecutionListener@c1a4620, org.springframework.test.context.event.EventPublishingTestExecutionListener@76b0ae1b, org.springframework.boot.test.autoconfigure.restdocs.RestDocsTestExecutionListener@130a0f66, org.springframework.boot.test.autoconfigure.web.client.MockRestServiceServerResetTestExecutionListener@4c432866, org.springframework.boot.test.autoconfigure.web.servlet.MockMvcPrintOnlyOnFailureTestExecutionListener@12365c88, org.springframework.boot.test.autoconfigure.web.servlet.WebDriverTestExecutionListener@6105f8a3, org.springframework.boot.test.autoconfigure.webservices.client.MockWebServiceServerTestExecutionListener@2237bada, org.springframework.boot.test.mock.mockito.ResetMocksTestExecutionListener@77e2a6e2]
01:14:19.409 [Test worker] DEBUG org.springframework.test.context.support.AbstractDirtiesContextTestExecutionListener - Before test class: context [DefaultTestContext@3f3ddbd9 testClass = BookingServiceTest, testInstance = [null], testMethod = [null], testException = [null], mergedContextConfiguration = [WebMergedContextConfiguration@14c053c6 testClass = BookingServiceTest, locations = '{}', classes = '{class com.vehiclerentalsystem.VehiclerentalsystemApplication}', contextInitializerClasses = '[]', activeProfiles = '{}', propertySourceLocations = '{}', propertySourceProperties = '{org.springframework.boot.test.context.SpringBootTestContextBootstrapper=true}', contextCustomizers = set[org.springframework.boot.test.autoconfigure.actuate.metrics.MetricsExportContextCustomizerFactory$DisableMetricExportContextCustomizer@54227100, org.springframework.boot.test.autoconfigure.properties.PropertyMappingContextCustomizer@0, org.springframework.boot.test.autoconfigure.web.servlet.WebDriverContextCustomizerFactory$Customizer@878452d, org.springframework.boot.test.context.filter.ExcludeFilterContextCustomizer@5b080f3a, org.springframework.boot.test.json.DuplicateJsonObjectContextCustomizerFactory$DuplicateJsonObjectContextCustomizer@6f603e89, org.springframework.boot.test.mock.mockito.MockitoContextCustomizer@0, org.springframework.boot.test.web.client.TestRestTemplateContextCustomizer@64df9a61, org.springframework.boot.test.context.SpringBootTestArgs@1, org.springframework.boot.test.context.SpringBootTestWebEnvironment@1cb346ea], resourceBasePath = 'src/main/webapp', contextLoader = 'org.springframework.boot.test.context.SpringBootContextLoader', parent = [null]], attributes = map['org.springframework.test.context.web.ServletTestExecutionListener.activateListener' -> true]], class annotated with @DirtiesContext [false] with mode [null].

  .   ____          _            __ _ _
 /\\ / ___'_ __ _ _(_)_ __  __ _ \ \ \ \
( ( )\___ | '_ | '_| | '_ \/ _` | \ \ \ \
 \\/  ___)| |_)| | | | | || (_| |  ) ) ) )
  '  |____| .__|_| |_|_| |_\__, | / / / /
 =========|_|==============|___/=/_/_/_/
 :: Spring Boot ::                (v2.7.0)

2022-05-31 01:14:19.840  INFO 9300 --- [    Test worker] c.v.service.BookingServiceTest           : Starting BookingServiceTest using Java 17.0.2 on inlen8520018499 with PID 9300 (started by skunkala in C:\Users\SKUNKALA\Documents\workspace-spring-tool-suite-4-4.14.1.RELEASE\vehiclerentalsystem)
2022-05-31 01:14:19.842  INFO 9300 --- [    Test worker] c.v.service.BookingServiceTest           : No active profile set, falling back to 1 default profile: "default"
2022-05-31 01:14:20.859  INFO 9300 --- [    Test worker] .s.d.r.c.RepositoryConfigurationDelegate : Bootstrapping Spring Data JPA repositories in DEFAULT mode.
2022-05-31 01:14:20.956  INFO 9300 --- [    Test worker] .s.d.r.c.RepositoryConfigurationDelegate : Finished Spring Data repository scanning in 85 ms. Found 3 JPA repository interfaces.
2022-05-31 01:14:21.762  INFO 9300 --- [    Test worker] o.hibernate.jpa.internal.util.LogHelper  : HHH000204: Processing PersistenceUnitInfo [name: default]
2022-05-31 01:14:21.822  INFO 9300 --- [    Test worker] org.hibernate.Version                    : HHH000412: Hibernate ORM core version 5.6.9.Final
2022-05-31 01:14:21.989  INFO 9300 --- [    Test worker] o.hibernate.annotations.common.Version   : HCANN000001: Hibernate Commons Annotations {5.1.2.Final}
2022-05-31 01:14:22.096  INFO 9300 --- [    Test worker] com.zaxxer.hikari.HikariDataSource       : HikariPool-1 - Starting...
2022-05-31 01:14:22.363  INFO 9300 --- [    Test worker] com.zaxxer.hikari.HikariDataSource       : HikariPool-1 - Start completed.
2022-05-31 01:14:22.398  INFO 9300 --- [    Test worker] org.hibernate.dialect.Dialect            : HHH000400: Using dialect: org.hibernate.dialect.PostgreSQL10Dialect
2022-05-31 01:14:23.124  INFO 9300 --- [    Test worker] o.h.e.t.j.p.i.JtaPlatformInitiator       : HHH000490: Using JtaPlatform implementation: [org.hibernate.engine.transaction.jta.platform.internal.NoJtaPlatform]
2022-05-31 01:14:23.133  INFO 9300 --- [    Test worker] j.LocalContainerEntityManagerFactoryBean : Initialized JPA EntityManagerFactory for persistence unit 'default'
2022-05-31 01:14:24.097  WARN 9300 --- [    Test worker] JpaBaseConfiguration$JpaWebConfiguration : spring.jpa.open-in-view is enabled by default. Therefore, database queries may be performed during view rendering. Explicitly configure spring.jpa.open-in-view to disable this warning
2022-05-31 01:14:25.725  INFO 9300 --- [    Test worker] c.v.service.BookingServiceTest           : Started BookingServiceTest in 6.262 seconds (JVM running for 8.042)
]]></system-out>
  <system-err><![CDATA[]]></system-err>
</testsuite>
